<?xml version="1.0" encoding="UTF-8"?>
<testsuite xmlns:xsi="http://www.w3.org/2001/XMLSchema-instance" xsi:noNamespaceSchemaLocation="https://maven.apache.org/surefire/maven-surefire-plugin/xsd/surefire-test-report-3.0.xsd" version="3.0" name="com.example.consumer.ConsumerApplicationTests" time="7.423" tests="1" errors="0" skipped="0" failures="0">
  <properties>
    <property name="java.specification.version" value="17"/>
    <property name="sun.cpu.isalist" value="amd64"/>
    <property name="sun.jnu.encoding" value="GBK"/>
    <property name="java.class.path" value="C:\Users\admin\Desktop\实战\滑雪场api\consumer-mysql\target\test-classes;C:\Users\admin\Desktop\实战\滑雪场api\consumer-mysql\target\classes;D:\apache-maven-3.6.3-bin\apache-maven-3.6.3\maven-repo\org\springframework\boot\spring-boot-starter-web\3.3.5\spring-boot-starter-web-3.3.5.jar;D:\apache-maven-3.6.3-bin\apache-maven-3.6.3\maven-repo\org\springframework\boot\spring-boot-starter\3.3.5\spring-boot-starter-3.3.5.jar;D:\apache-maven-3.6.3-bin\apache-maven-3.6.3\maven-repo\org\springframework\boot\spring-boot\3.3.5\spring-boot-3.3.5.jar;D:\apache-maven-3.6.3-bin\apache-maven-3.6.3\maven-repo\org\springframework\boot\spring-boot-autoconfigure\3.3.5\spring-boot-autoconfigure-3.3.5.jar;D:\apache-maven-3.6.3-bin\apache-maven-3.6.3\maven-repo\org\springframework\boot\spring-boot-starter-logging\3.3.5\spring-boot-starter-logging-3.3.5.jar;D:\apache-maven-3.6.3-bin\apache-maven-3.6.3\maven-repo\ch\qos\logback\logback-classic\1.5.11\logback-classic-1.5.11.jar;D:\apache-maven-3.6.3-bin\apache-maven-3.6.3\maven-repo\ch\qos\logback\logback-core\1.5.11\logback-core-1.5.11.jar;D:\apache-maven-3.6.3-bin\apache-maven-3.6.3\maven-repo\org\apache\logging\log4j\log4j-to-slf4j\2.23.1\log4j-to-slf4j-2.23.1.jar;D:\apache-maven-3.6.3-bin\apache-maven-3.6.3\maven-repo\org\apache\logging\log4j\log4j-api\2.23.1\log4j-api-2.23.1.jar;D:\apache-maven-3.6.3-bin\apache-maven-3.6.3\maven-repo\org\slf4j\jul-to-slf4j\2.0.16\jul-to-slf4j-2.0.16.jar;D:\apache-maven-3.6.3-bin\apache-maven-3.6.3\maven-repo\jakarta\annotation\jakarta.annotation-api\2.1.1\jakarta.annotation-api-2.1.1.jar;D:\apache-maven-3.6.3-bin\apache-maven-3.6.3\maven-repo\org\yaml\snakeyaml\2.2\snakeyaml-2.2.jar;D:\apache-maven-3.6.3-bin\apache-maven-3.6.3\maven-repo\org\springframework\boot\spring-boot-starter-json\3.3.5\spring-boot-starter-json-3.3.5.jar;D:\apache-maven-3.6.3-bin\apache-maven-3.6.3\maven-repo\com\fasterxml\jackson\datatype\jackson-datatype-jdk8\2.17.2\jackson-datatype-jdk8-2.17.2.jar;D:\apache-maven-3.6.3-bin\apache-maven-3.6.3\maven-repo\com\fasterxml\jackson\datatype\jackson-datatype-jsr310\2.17.2\jackson-datatype-jsr310-2.17.2.jar;D:\apache-maven-3.6.3-bin\apache-maven-3.6.3\maven-repo\com\fasterxml\jackson\module\jackson-module-parameter-names\2.17.2\jackson-module-parameter-names-2.17.2.jar;D:\apache-maven-3.6.3-bin\apache-maven-3.6.3\maven-repo\org\springframework\boot\spring-boot-starter-tomcat\3.3.5\spring-boot-starter-tomcat-3.3.5.jar;D:\apache-maven-3.6.3-bin\apache-maven-3.6.3\maven-repo\org\apache\tomcat\embed\tomcat-embed-core\10.1.31\tomcat-embed-core-10.1.31.jar;D:\apache-maven-3.6.3-bin\apache-maven-3.6.3\maven-repo\org\apache\tomcat\embed\tomcat-embed-el\10.1.31\tomcat-embed-el-10.1.31.jar;D:\apache-maven-3.6.3-bin\apache-maven-3.6.3\maven-repo\org\apache\tomcat\embed\tomcat-embed-websocket\10.1.31\tomcat-embed-websocket-10.1.31.jar;D:\apache-maven-3.6.3-bin\apache-maven-3.6.3\maven-repo\org\springframework\spring-web\6.1.14\spring-web-6.1.14.jar;D:\apache-maven-3.6.3-bin\apache-maven-3.6.3\maven-repo\org\springframework\spring-beans\6.1.14\spring-beans-6.1.14.jar;D:\apache-maven-3.6.3-bin\apache-maven-3.6.3\maven-repo\io\micrometer\micrometer-observation\1.13.6\micrometer-observation-1.13.6.jar;D:\apache-maven-3.6.3-bin\apache-maven-3.6.3\maven-repo\io\micrometer\micrometer-commons\1.13.6\micrometer-commons-1.13.6.jar;D:\apache-maven-3.6.3-bin\apache-maven-3.6.3\maven-repo\org\springframework\spring-webmvc\6.1.14\spring-webmvc-6.1.14.jar;D:\apache-maven-3.6.3-bin\apache-maven-3.6.3\maven-repo\org\springframework\spring-aop\6.1.14\spring-aop-6.1.14.jar;D:\apache-maven-3.6.3-bin\apache-maven-3.6.3\maven-repo\org\springframework\spring-context\6.1.14\spring-context-6.1.14.jar;D:\apache-maven-3.6.3-bin\apache-maven-3.6.3\maven-repo\org\springframework\spring-expression\6.1.14\spring-expression-6.1.14.jar;D:\apache-maven-3.6.3-bin\apache-maven-3.6.3\maven-repo\org\springframework\boot\spring-boot-starter-test\3.3.5\spring-boot-starter-test-3.3.5.jar;D:\apache-maven-3.6.3-bin\apache-maven-3.6.3\maven-repo\org\springframework\boot\spring-boot-test\3.3.5\spring-boot-test-3.3.5.jar;D:\apache-maven-3.6.3-bin\apache-maven-3.6.3\maven-repo\org\springframework\boot\spring-boot-test-autoconfigure\3.3.5\spring-boot-test-autoconfigure-3.3.5.jar;D:\apache-maven-3.6.3-bin\apache-maven-3.6.3\maven-repo\com\jayway\jsonpath\json-path\2.9.0\json-path-2.9.0.jar;D:\apache-maven-3.6.3-bin\apache-maven-3.6.3\maven-repo\jakarta\xml\bind\jakarta.xml.bind-api\4.0.2\jakarta.xml.bind-api-4.0.2.jar;D:\apache-maven-3.6.3-bin\apache-maven-3.6.3\maven-repo\jakarta\activation\jakarta.activation-api\2.1.3\jakarta.activation-api-2.1.3.jar;D:\apache-maven-3.6.3-bin\apache-maven-3.6.3\maven-repo\net\minidev\json-smart\2.5.1\json-smart-2.5.1.jar;D:\apache-maven-3.6.3-bin\apache-maven-3.6.3\maven-repo\net\minidev\accessors-smart\2.5.1\accessors-smart-2.5.1.jar;D:\apache-maven-3.6.3-bin\apache-maven-3.6.3\maven-repo\org\ow2\asm\asm\9.6\asm-9.6.jar;D:\apache-maven-3.6.3-bin\apache-maven-3.6.3\maven-repo\org\assertj\assertj-core\3.25.3\assertj-core-3.25.3.jar;D:\apache-maven-3.6.3-bin\apache-maven-3.6.3\maven-repo\net\bytebuddy\byte-buddy\1.14.19\byte-buddy-1.14.19.jar;D:\apache-maven-3.6.3-bin\apache-maven-3.6.3\maven-repo\org\awaitility\awaitility\4.2.2\awaitility-4.2.2.jar;D:\apache-maven-3.6.3-bin\apache-maven-3.6.3\maven-repo\org\hamcrest\hamcrest\2.2\hamcrest-2.2.jar;D:\apache-maven-3.6.3-bin\apache-maven-3.6.3\maven-repo\org\junit\jupiter\junit-jupiter\5.10.5\junit-jupiter-5.10.5.jar;D:\apache-maven-3.6.3-bin\apache-maven-3.6.3\maven-repo\org\junit\jupiter\junit-jupiter-api\5.10.5\junit-jupiter-api-5.10.5.jar;D:\apache-maven-3.6.3-bin\apache-maven-3.6.3\maven-repo\org\opentest4j\opentest4j\1.3.0\opentest4j-1.3.0.jar;D:\apache-maven-3.6.3-bin\apache-maven-3.6.3\maven-repo\org\junit\platform\junit-platform-commons\1.10.5\junit-platform-commons-1.10.5.jar;D:\apache-maven-3.6.3-bin\apache-maven-3.6.3\maven-repo\org\apiguardian\apiguardian-api\1.1.2\apiguardian-api-1.1.2.jar;D:\apache-maven-3.6.3-bin\apache-maven-3.6.3\maven-repo\org\junit\jupiter\junit-jupiter-params\5.10.5\junit-jupiter-params-5.10.5.jar;D:\apache-maven-3.6.3-bin\apache-maven-3.6.3\maven-repo\org\junit\jupiter\junit-jupiter-engine\5.10.5\junit-jupiter-engine-5.10.5.jar;D:\apache-maven-3.6.3-bin\apache-maven-3.6.3\maven-repo\org\junit\platform\junit-platform-engine\1.10.5\junit-platform-engine-1.10.5.jar;D:\apache-maven-3.6.3-bin\apache-maven-3.6.3\maven-repo\org\mockito\mockito-core\5.11.0\mockito-core-5.11.0.jar;D:\apache-maven-3.6.3-bin\apache-maven-3.6.3\maven-repo\net\bytebuddy\byte-buddy-agent\1.14.19\byte-buddy-agent-1.14.19.jar;D:\apache-maven-3.6.3-bin\apache-maven-3.6.3\maven-repo\org\objenesis\objenesis\3.3\objenesis-3.3.jar;D:\apache-maven-3.6.3-bin\apache-maven-3.6.3\maven-repo\org\mockito\mockito-junit-jupiter\5.11.0\mockito-junit-jupiter-5.11.0.jar;D:\apache-maven-3.6.3-bin\apache-maven-3.6.3\maven-repo\org\skyscreamer\jsonassert\1.5.3\jsonassert-1.5.3.jar;D:\apache-maven-3.6.3-bin\apache-maven-3.6.3\maven-repo\com\vaadin\external\google\android-json\0.0.20131108.vaadin1\android-json-0.0.20131108.vaadin1.jar;D:\apache-maven-3.6.3-bin\apache-maven-3.6.3\maven-repo\org\springframework\spring-core\6.1.14\spring-core-6.1.14.jar;D:\apache-maven-3.6.3-bin\apache-maven-3.6.3\maven-repo\org\springframework\spring-jcl\6.1.14\spring-jcl-6.1.14.jar;D:\apache-maven-3.6.3-bin\apache-maven-3.6.3\maven-repo\org\springframework\spring-test\6.1.14\spring-test-6.1.14.jar;D:\apache-maven-3.6.3-bin\apache-maven-3.6.3\maven-repo\org\xmlunit\xmlunit-core\2.9.1\xmlunit-core-2.9.1.jar;D:\apache-maven-3.6.3-bin\apache-maven-3.6.3\maven-repo\software\amazon\awssdk\sqs\2.20.0\sqs-2.20.0.jar;D:\apache-maven-3.6.3-bin\apache-maven-3.6.3\maven-repo\software\amazon\awssdk\aws-query-protocol\2.20.0\aws-query-protocol-2.20.0.jar;D:\apache-maven-3.6.3-bin\apache-maven-3.6.3\maven-repo\software\amazon\awssdk\protocol-core\2.20.0\protocol-core-2.20.0.jar;D:\apache-maven-3.6.3-bin\apache-maven-3.6.3\maven-repo\software\amazon\awssdk\sdk-core\2.20.0\sdk-core-2.20.0.jar;D:\apache-maven-3.6.3-bin\apache-maven-3.6.3\maven-repo\software\amazon\awssdk\profiles\2.20.0\profiles-2.20.0.jar;D:\apache-maven-3.6.3-bin\apache-maven-3.6.3\maven-repo\org\reactivestreams\reactive-streams\1.0.4\reactive-streams-1.0.4.jar;D:\apache-maven-3.6.3-bin\apache-maven-3.6.3\maven-repo\software\amazon\awssdk\auth\2.20.0\auth-2.20.0.jar;D:\apache-maven-3.6.3-bin\apache-maven-3.6.3\maven-repo\software\amazon\eventstream\eventstream\1.0.1\eventstream-1.0.1.jar;D:\apache-maven-3.6.3-bin\apache-maven-3.6.3\maven-repo\software\amazon\awssdk\http-client-spi\2.20.0\http-client-spi-2.20.0.jar;D:\apache-maven-3.6.3-bin\apache-maven-3.6.3\maven-repo\software\amazon\awssdk\regions\2.20.0\regions-2.20.0.jar;D:\apache-maven-3.6.3-bin\apache-maven-3.6.3\maven-repo\software\amazon\awssdk\annotations\2.20.0\annotations-2.20.0.jar;D:\apache-maven-3.6.3-bin\apache-maven-3.6.3\maven-repo\software\amazon\awssdk\utils\2.20.0\utils-2.20.0.jar;D:\apache-maven-3.6.3-bin\apache-maven-3.6.3\maven-repo\software\amazon\awssdk\aws-core\2.20.0\aws-core-2.20.0.jar;D:\apache-maven-3.6.3-bin\apache-maven-3.6.3\maven-repo\software\amazon\awssdk\metrics-spi\2.20.0\metrics-spi-2.20.0.jar;D:\apache-maven-3.6.3-bin\apache-maven-3.6.3\maven-repo\software\amazon\awssdk\json-utils\2.20.0\json-utils-2.20.0.jar;D:\apache-maven-3.6.3-bin\apache-maven-3.6.3\maven-repo\software\amazon\awssdk\third-party-jackson-core\2.20.0\third-party-jackson-core-2.20.0.jar;D:\apache-maven-3.6.3-bin\apache-maven-3.6.3\maven-repo\software\amazon\awssdk\endpoints-spi\2.20.0\endpoints-spi-2.20.0.jar;D:\apache-maven-3.6.3-bin\apache-maven-3.6.3\maven-repo\software\amazon\awssdk\apache-client\2.20.0\apache-client-2.20.0.jar;D:\apache-maven-3.6.3-bin\apache-maven-3.6.3\maven-repo\org\apache\httpcomponents\httpclient\4.5.13\httpclient-4.5.13.jar;D:\apache-maven-3.6.3-bin\apache-maven-3.6.3\maven-repo\commons-logging\commons-logging\1.2\commons-logging-1.2.jar;D:\apache-maven-3.6.3-bin\apache-maven-3.6.3\maven-repo\commons-codec\commons-codec\1.16.1\commons-codec-1.16.1.jar;D:\apache-maven-3.6.3-bin\apache-maven-3.6.3\maven-repo\org\apache\httpcomponents\httpcore\4.4.16\httpcore-4.4.16.jar;D:\apache-maven-3.6.3-bin\apache-maven-3.6.3\maven-repo\software\amazon\awssdk\netty-nio-client\2.20.0\netty-nio-client-2.20.0.jar;D:\apache-maven-3.6.3-bin\apache-maven-3.6.3\maven-repo\io\netty\netty-codec-http\4.1.114.Final\netty-codec-http-4.1.114.Final.jar;D:\apache-maven-3.6.3-bin\apache-maven-3.6.3\maven-repo\io\netty\netty-codec-http2\4.1.114.Final\netty-codec-http2-4.1.114.Final.jar;D:\apache-maven-3.6.3-bin\apache-maven-3.6.3\maven-repo\io\netty\netty-codec\4.1.114.Final\netty-codec-4.1.114.Final.jar;D:\apache-maven-3.6.3-bin\apache-maven-3.6.3\maven-repo\io\netty\netty-transport\4.1.114.Final\netty-transport-4.1.114.Final.jar;D:\apache-maven-3.6.3-bin\apache-maven-3.6.3\maven-repo\io\netty\netty-resolver\4.1.114.Final\netty-resolver-4.1.114.Final.jar;D:\apache-maven-3.6.3-bin\apache-maven-3.6.3\maven-repo\io\netty\netty-common\4.1.114.Final\netty-common-4.1.114.Final.jar;D:\apache-maven-3.6.3-bin\apache-maven-3.6.3\maven-repo\io\netty\netty-buffer\4.1.114.Final\netty-buffer-4.1.114.Final.jar;D:\apache-maven-3.6.3-bin\apache-maven-3.6.3\maven-repo\io\netty\netty-handler\4.1.114.Final\netty-handler-4.1.114.Final.jar;D:\apache-maven-3.6.3-bin\apache-maven-3.6.3\maven-repo\io\netty\netty-transport-native-unix-common\4.1.114.Final\netty-transport-native-unix-common-4.1.114.Final.jar;D:\apache-maven-3.6.3-bin\apache-maven-3.6.3\maven-repo\io\netty\netty-transport-classes-epoll\4.1.114.Final\netty-transport-classes-epoll-4.1.114.Final.jar;D:\apache-maven-3.6.3-bin\apache-maven-3.6.3\maven-repo\com\zaxxer\HikariCP\5.0.1\HikariCP-5.0.1.jar;D:\apache-maven-3.6.3-bin\apache-maven-3.6.3\maven-repo\org\slf4j\slf4j-api\2.0.16\slf4j-api-2.0.16.jar;D:\apache-maven-3.6.3-bin\apache-maven-3.6.3\maven-repo\com\mysql\mysql-connector-j\8.0.33\mysql-connector-j-8.0.33.jar;D:\apache-maven-3.6.3-bin\apache-maven-3.6.3\maven-repo\com\fasterxml\jackson\core\jackson-databind\2.14.1\jackson-databind-2.14.1.jar;D:\apache-maven-3.6.3-bin\apache-maven-3.6.3\maven-repo\com\fasterxml\jackson\core\jackson-annotations\2.17.2\jackson-annotations-2.17.2.jar;D:\apache-maven-3.6.3-bin\apache-maven-3.6.3\maven-repo\com\fasterxml\jackson\core\jackson-core\2.17.2\jackson-core-2.17.2.jar;"/>
    <property name="java.vm.vendor" value="Amazon.com Inc."/>
    <property name="sun.arch.data.model" value="64"/>
    <property name="user.variant" value=""/>
    <property name="java.vendor.url" value="https://aws.amazon.com/corretto/"/>
    <property name="user.timezone" value="Asia/Shanghai"/>
    <property name="user.country.format" value="HK"/>
    <property name="os.name" value="Windows 10"/>
    <property name="java.vm.specification.version" value="17"/>
    <property name="sun.java.launcher" value="SUN_STANDARD"/>
    <property name="user.country" value="CN"/>
    <property name="sun.boot.library.path" value="C:\Users\admin\.jdks\corretto-17.0.7\bin"/>
    <property name="sun.java.command" value="C:\Users\admin\AppData\Local\Temp\surefire6684564901868499196\surefirebooter-20241109132519268_3.jar C:\Users\admin\AppData\Local\Temp\surefire6684564901868499196 2024-11-09T13-25-19_067-jvmRun1 surefire-20241109132519268_1tmp surefire_0-20241109132519268_2tmp"/>
    <property name="jdk.debug" value="release"/>
    <property name="surefire.test.class.path" value="C:\Users\admin\Desktop\实战\滑雪场api\consumer-mysql\target\test-classes;C:\Users\admin\Desktop\实战\滑雪场api\consumer-mysql\target\classes;D:\apache-maven-3.6.3-bin\apache-maven-3.6.3\maven-repo\org\springframework\boot\spring-boot-starter-web\3.3.5\spring-boot-starter-web-3.3.5.jar;D:\apache-maven-3.6.3-bin\apache-maven-3.6.3\maven-repo\org\springframework\boot\spring-boot-starter\3.3.5\spring-boot-starter-3.3.5.jar;D:\apache-maven-3.6.3-bin\apache-maven-3.6.3\maven-repo\org\springframework\boot\spring-boot\3.3.5\spring-boot-3.3.5.jar;D:\apache-maven-3.6.3-bin\apache-maven-3.6.3\maven-repo\org\springframework\boot\spring-boot-autoconfigure\3.3.5\spring-boot-autoconfigure-3.3.5.jar;D:\apache-maven-3.6.3-bin\apache-maven-3.6.3\maven-repo\org\springframework\boot\spring-boot-starter-logging\3.3.5\spring-boot-starter-logging-3.3.5.jar;D:\apache-maven-3.6.3-bin\apache-maven-3.6.3\maven-repo\ch\qos\logback\logback-classic\1.5.11\logback-classic-1.5.11.jar;D:\apache-maven-3.6.3-bin\apache-maven-3.6.3\maven-repo\ch\qos\logback\logback-core\1.5.11\logback-core-1.5.11.jar;D:\apache-maven-3.6.3-bin\apache-maven-3.6.3\maven-repo\org\apache\logging\log4j\log4j-to-slf4j\2.23.1\log4j-to-slf4j-2.23.1.jar;D:\apache-maven-3.6.3-bin\apache-maven-3.6.3\maven-repo\org\apache\logging\log4j\log4j-api\2.23.1\log4j-api-2.23.1.jar;D:\apache-maven-3.6.3-bin\apache-maven-3.6.3\maven-repo\org\slf4j\jul-to-slf4j\2.0.16\jul-to-slf4j-2.0.16.jar;D:\apache-maven-3.6.3-bin\apache-maven-3.6.3\maven-repo\jakarta\annotation\jakarta.annotation-api\2.1.1\jakarta.annotation-api-2.1.1.jar;D:\apache-maven-3.6.3-bin\apache-maven-3.6.3\maven-repo\org\yaml\snakeyaml\2.2\snakeyaml-2.2.jar;D:\apache-maven-3.6.3-bin\apache-maven-3.6.3\maven-repo\org\springframework\boot\spring-boot-starter-json\3.3.5\spring-boot-starter-json-3.3.5.jar;D:\apache-maven-3.6.3-bin\apache-maven-3.6.3\maven-repo\com\fasterxml\jackson\datatype\jackson-datatype-jdk8\2.17.2\jackson-datatype-jdk8-2.17.2.jar;D:\apache-maven-3.6.3-bin\apache-maven-3.6.3\maven-repo\com\fasterxml\jackson\datatype\jackson-datatype-jsr310\2.17.2\jackson-datatype-jsr310-2.17.2.jar;D:\apache-maven-3.6.3-bin\apache-maven-3.6.3\maven-repo\com\fasterxml\jackson\module\jackson-module-parameter-names\2.17.2\jackson-module-parameter-names-2.17.2.jar;D:\apache-maven-3.6.3-bin\apache-maven-3.6.3\maven-repo\org\springframework\boot\spring-boot-starter-tomcat\3.3.5\spring-boot-starter-tomcat-3.3.5.jar;D:\apache-maven-3.6.3-bin\apache-maven-3.6.3\maven-repo\org\apache\tomcat\embed\tomcat-embed-core\10.1.31\tomcat-embed-core-10.1.31.jar;D:\apache-maven-3.6.3-bin\apache-maven-3.6.3\maven-repo\org\apache\tomcat\embed\tomcat-embed-el\10.1.31\tomcat-embed-el-10.1.31.jar;D:\apache-maven-3.6.3-bin\apache-maven-3.6.3\maven-repo\org\apache\tomcat\embed\tomcat-embed-websocket\10.1.31\tomcat-embed-websocket-10.1.31.jar;D:\apache-maven-3.6.3-bin\apache-maven-3.6.3\maven-repo\org\springframework\spring-web\6.1.14\spring-web-6.1.14.jar;D:\apache-maven-3.6.3-bin\apache-maven-3.6.3\maven-repo\org\springframework\spring-beans\6.1.14\spring-beans-6.1.14.jar;D:\apache-maven-3.6.3-bin\apache-maven-3.6.3\maven-repo\io\micrometer\micrometer-observation\1.13.6\micrometer-observation-1.13.6.jar;D:\apache-maven-3.6.3-bin\apache-maven-3.6.3\maven-repo\io\micrometer\micrometer-commons\1.13.6\micrometer-commons-1.13.6.jar;D:\apache-maven-3.6.3-bin\apache-maven-3.6.3\maven-repo\org\springframework\spring-webmvc\6.1.14\spring-webmvc-6.1.14.jar;D:\apache-maven-3.6.3-bin\apache-maven-3.6.3\maven-repo\org\springframework\spring-aop\6.1.14\spring-aop-6.1.14.jar;D:\apache-maven-3.6.3-bin\apache-maven-3.6.3\maven-repo\org\springframework\spring-context\6.1.14\spring-context-6.1.14.jar;D:\apache-maven-3.6.3-bin\apache-maven-3.6.3\maven-repo\org\springframework\spring-expression\6.1.14\spring-expression-6.1.14.jar;D:\apache-maven-3.6.3-bin\apache-maven-3.6.3\maven-repo\org\springframework\boot\spring-boot-starter-test\3.3.5\spring-boot-starter-test-3.3.5.jar;D:\apache-maven-3.6.3-bin\apache-maven-3.6.3\maven-repo\org\springframework\boot\spring-boot-test\3.3.5\spring-boot-test-3.3.5.jar;D:\apache-maven-3.6.3-bin\apache-maven-3.6.3\maven-repo\org\springframework\boot\spring-boot-test-autoconfigure\3.3.5\spring-boot-test-autoconfigure-3.3.5.jar;D:\apache-maven-3.6.3-bin\apache-maven-3.6.3\maven-repo\com\jayway\jsonpath\json-path\2.9.0\json-path-2.9.0.jar;D:\apache-maven-3.6.3-bin\apache-maven-3.6.3\maven-repo\jakarta\xml\bind\jakarta.xml.bind-api\4.0.2\jakarta.xml.bind-api-4.0.2.jar;D:\apache-maven-3.6.3-bin\apache-maven-3.6.3\maven-repo\jakarta\activation\jakarta.activation-api\2.1.3\jakarta.activation-api-2.1.3.jar;D:\apache-maven-3.6.3-bin\apache-maven-3.6.3\maven-repo\net\minidev\json-smart\2.5.1\json-smart-2.5.1.jar;D:\apache-maven-3.6.3-bin\apache-maven-3.6.3\maven-repo\net\minidev\accessors-smart\2.5.1\accessors-smart-2.5.1.jar;D:\apache-maven-3.6.3-bin\apache-maven-3.6.3\maven-repo\org\ow2\asm\asm\9.6\asm-9.6.jar;D:\apache-maven-3.6.3-bin\apache-maven-3.6.3\maven-repo\org\assertj\assertj-core\3.25.3\assertj-core-3.25.3.jar;D:\apache-maven-3.6.3-bin\apache-maven-3.6.3\maven-repo\net\bytebuddy\byte-buddy\1.14.19\byte-buddy-1.14.19.jar;D:\apache-maven-3.6.3-bin\apache-maven-3.6.3\maven-repo\org\awaitility\awaitility\4.2.2\awaitility-4.2.2.jar;D:\apache-maven-3.6.3-bin\apache-maven-3.6.3\maven-repo\org\hamcrest\hamcrest\2.2\hamcrest-2.2.jar;D:\apache-maven-3.6.3-bin\apache-maven-3.6.3\maven-repo\org\junit\jupiter\junit-jupiter\5.10.5\junit-jupiter-5.10.5.jar;D:\apache-maven-3.6.3-bin\apache-maven-3.6.3\maven-repo\org\junit\jupiter\junit-jupiter-api\5.10.5\junit-jupiter-api-5.10.5.jar;D:\apache-maven-3.6.3-bin\apache-maven-3.6.3\maven-repo\org\opentest4j\opentest4j\1.3.0\opentest4j-1.3.0.jar;D:\apache-maven-3.6.3-bin\apache-maven-3.6.3\maven-repo\org\junit\platform\junit-platform-commons\1.10.5\junit-platform-commons-1.10.5.jar;D:\apache-maven-3.6.3-bin\apache-maven-3.6.3\maven-repo\org\apiguardian\apiguardian-api\1.1.2\apiguardian-api-1.1.2.jar;D:\apache-maven-3.6.3-bin\apache-maven-3.6.3\maven-repo\org\junit\jupiter\junit-jupiter-params\5.10.5\junit-jupiter-params-5.10.5.jar;D:\apache-maven-3.6.3-bin\apache-maven-3.6.3\maven-repo\org\junit\jupiter\junit-jupiter-engine\5.10.5\junit-jupiter-engine-5.10.5.jar;D:\apache-maven-3.6.3-bin\apache-maven-3.6.3\maven-repo\org\junit\platform\junit-platform-engine\1.10.5\junit-platform-engine-1.10.5.jar;D:\apache-maven-3.6.3-bin\apache-maven-3.6.3\maven-repo\org\mockito\mockito-core\5.11.0\mockito-core-5.11.0.jar;D:\apache-maven-3.6.3-bin\apache-maven-3.6.3\maven-repo\net\bytebuddy\byte-buddy-agent\1.14.19\byte-buddy-agent-1.14.19.jar;D:\apache-maven-3.6.3-bin\apache-maven-3.6.3\maven-repo\org\objenesis\objenesis\3.3\objenesis-3.3.jar;D:\apache-maven-3.6.3-bin\apache-maven-3.6.3\maven-repo\org\mockito\mockito-junit-jupiter\5.11.0\mockito-junit-jupiter-5.11.0.jar;D:\apache-maven-3.6.3-bin\apache-maven-3.6.3\maven-repo\org\skyscreamer\jsonassert\1.5.3\jsonassert-1.5.3.jar;D:\apache-maven-3.6.3-bin\apache-maven-3.6.3\maven-repo\com\vaadin\external\google\android-json\0.0.20131108.vaadin1\android-json-0.0.20131108.vaadin1.jar;D:\apache-maven-3.6.3-bin\apache-maven-3.6.3\maven-repo\org\springframework\spring-core\6.1.14\spring-core-6.1.14.jar;D:\apache-maven-3.6.3-bin\apache-maven-3.6.3\maven-repo\org\springframework\spring-jcl\6.1.14\spring-jcl-6.1.14.jar;D:\apache-maven-3.6.3-bin\apache-maven-3.6.3\maven-repo\org\springframework\spring-test\6.1.14\spring-test-6.1.14.jar;D:\apache-maven-3.6.3-bin\apache-maven-3.6.3\maven-repo\org\xmlunit\xmlunit-core\2.9.1\xmlunit-core-2.9.1.jar;D:\apache-maven-3.6.3-bin\apache-maven-3.6.3\maven-repo\software\amazon\awssdk\sqs\2.20.0\sqs-2.20.0.jar;D:\apache-maven-3.6.3-bin\apache-maven-3.6.3\maven-repo\software\amazon\awssdk\aws-query-protocol\2.20.0\aws-query-protocol-2.20.0.jar;D:\apache-maven-3.6.3-bin\apache-maven-3.6.3\maven-repo\software\amazon\awssdk\protocol-core\2.20.0\protocol-core-2.20.0.jar;D:\apache-maven-3.6.3-bin\apache-maven-3.6.3\maven-repo\software\amazon\awssdk\sdk-core\2.20.0\sdk-core-2.20.0.jar;D:\apache-maven-3.6.3-bin\apache-maven-3.6.3\maven-repo\software\amazon\awssdk\profiles\2.20.0\profiles-2.20.0.jar;D:\apache-maven-3.6.3-bin\apache-maven-3.6.3\maven-repo\org\reactivestreams\reactive-streams\1.0.4\reactive-streams-1.0.4.jar;D:\apache-maven-3.6.3-bin\apache-maven-3.6.3\maven-repo\software\amazon\awssdk\auth\2.20.0\auth-2.20.0.jar;D:\apache-maven-3.6.3-bin\apache-maven-3.6.3\maven-repo\software\amazon\eventstream\eventstream\1.0.1\eventstream-1.0.1.jar;D:\apache-maven-3.6.3-bin\apache-maven-3.6.3\maven-repo\software\amazon\awssdk\http-client-spi\2.20.0\http-client-spi-2.20.0.jar;D:\apache-maven-3.6.3-bin\apache-maven-3.6.3\maven-repo\software\amazon\awssdk\regions\2.20.0\regions-2.20.0.jar;D:\apache-maven-3.6.3-bin\apache-maven-3.6.3\maven-repo\software\amazon\awssdk\annotations\2.20.0\annotations-2.20.0.jar;D:\apache-maven-3.6.3-bin\apache-maven-3.6.3\maven-repo\software\amazon\awssdk\utils\2.20.0\utils-2.20.0.jar;D:\apache-maven-3.6.3-bin\apache-maven-3.6.3\maven-repo\software\amazon\awssdk\aws-core\2.20.0\aws-core-2.20.0.jar;D:\apache-maven-3.6.3-bin\apache-maven-3.6.3\maven-repo\software\amazon\awssdk\metrics-spi\2.20.0\metrics-spi-2.20.0.jar;D:\apache-maven-3.6.3-bin\apache-maven-3.6.3\maven-repo\software\amazon\awssdk\json-utils\2.20.0\json-utils-2.20.0.jar;D:\apache-maven-3.6.3-bin\apache-maven-3.6.3\maven-repo\software\amazon\awssdk\third-party-jackson-core\2.20.0\third-party-jackson-core-2.20.0.jar;D:\apache-maven-3.6.3-bin\apache-maven-3.6.3\maven-repo\software\amazon\awssdk\endpoints-spi\2.20.0\endpoints-spi-2.20.0.jar;D:\apache-maven-3.6.3-bin\apache-maven-3.6.3\maven-repo\software\amazon\awssdk\apache-client\2.20.0\apache-client-2.20.0.jar;D:\apache-maven-3.6.3-bin\apache-maven-3.6.3\maven-repo\org\apache\httpcomponents\httpclient\4.5.13\httpclient-4.5.13.jar;D:\apache-maven-3.6.3-bin\apache-maven-3.6.3\maven-repo\commons-logging\commons-logging\1.2\commons-logging-1.2.jar;D:\apache-maven-3.6.3-bin\apache-maven-3.6.3\maven-repo\commons-codec\commons-codec\1.16.1\commons-codec-1.16.1.jar;D:\apache-maven-3.6.3-bin\apache-maven-3.6.3\maven-repo\org\apache\httpcomponents\httpcore\4.4.16\httpcore-4.4.16.jar;D:\apache-maven-3.6.3-bin\apache-maven-3.6.3\maven-repo\software\amazon\awssdk\netty-nio-client\2.20.0\netty-nio-client-2.20.0.jar;D:\apache-maven-3.6.3-bin\apache-maven-3.6.3\maven-repo\io\netty\netty-codec-http\4.1.114.Final\netty-codec-http-4.1.114.Final.jar;D:\apache-maven-3.6.3-bin\apache-maven-3.6.3\maven-repo\io\netty\netty-codec-http2\4.1.114.Final\netty-codec-http2-4.1.114.Final.jar;D:\apache-maven-3.6.3-bin\apache-maven-3.6.3\maven-repo\io\netty\netty-codec\4.1.114.Final\netty-codec-4.1.114.Final.jar;D:\apache-maven-3.6.3-bin\apache-maven-3.6.3\maven-repo\io\netty\netty-transport\4.1.114.Final\netty-transport-4.1.114.Final.jar;D:\apache-maven-3.6.3-bin\apache-maven-3.6.3\maven-repo\io\netty\netty-resolver\4.1.114.Final\netty-resolver-4.1.114.Final.jar;D:\apache-maven-3.6.3-bin\apache-maven-3.6.3\maven-repo\io\netty\netty-common\4.1.114.Final\netty-common-4.1.114.Final.jar;D:\apache-maven-3.6.3-bin\apache-maven-3.6.3\maven-repo\io\netty\netty-buffer\4.1.114.Final\netty-buffer-4.1.114.Final.jar;D:\apache-maven-3.6.3-bin\apache-maven-3.6.3\maven-repo\io\netty\netty-handler\4.1.114.Final\netty-handler-4.1.114.Final.jar;D:\apache-maven-3.6.3-bin\apache-maven-3.6.3\maven-repo\io\netty\netty-transport-native-unix-common\4.1.114.Final\netty-transport-native-unix-common-4.1.114.Final.jar;D:\apache-maven-3.6.3-bin\apache-maven-3.6.3\maven-repo\io\netty\netty-transport-classes-epoll\4.1.114.Final\netty-transport-classes-epoll-4.1.114.Final.jar;D:\apache-maven-3.6.3-bin\apache-maven-3.6.3\maven-repo\com\zaxxer\HikariCP\5.0.1\HikariCP-5.0.1.jar;D:\apache-maven-3.6.3-bin\apache-maven-3.6.3\maven-repo\org\slf4j\slf4j-api\2.0.16\slf4j-api-2.0.16.jar;D:\apache-maven-3.6.3-bin\apache-maven-3.6.3\maven-repo\com\mysql\mysql-connector-j\8.0.33\mysql-connector-j-8.0.33.jar;D:\apache-maven-3.6.3-bin\apache-maven-3.6.3\maven-repo\com\fasterxml\jackson\core\jackson-databind\2.14.1\jackson-databind-2.14.1.jar;D:\apache-maven-3.6.3-bin\apache-maven-3.6.3\maven-repo\com\fasterxml\jackson\core\jackson-annotations\2.17.2\jackson-annotations-2.17.2.jar;D:\apache-maven-3.6.3-bin\apache-maven-3.6.3\maven-repo\com\fasterxml\jackson\core\jackson-core\2.17.2\jackson-core-2.17.2.jar;"/>
    <property name="sun.cpu.endian" value="little"/>
    <property name="user.home" value="C:\Users\admin"/>
    <property name="user.language" value="zh"/>
    <property name="java.specification.vendor" value="Oracle Corporation"/>
    <property name="java.version.date" value="2023-04-18"/>
    <property name="java.home" value="C:\Users\admin\.jdks\corretto-17.0.7"/>
    <property name="file.separator" value="\"/>
    <property name="basedir" value="C:\Users\admin\Desktop\实战\滑雪场api\consumer-mysql"/>
    <property name="java.vm.compressedOopsMode" value="Zero based"/>
    <property name="line.separator" value="&#10;"/>
    <property name="java.vm.specification.vendor" value="Oracle Corporation"/>
    <property name="java.specification.name" value="Java Platform API Specification"/>
    <property name="FILE_LOG_CHARSET" value="GBK"/>
    <property name="java.awt.headless" value="true"/>
    <property name="surefire.real.class.path" value="C:\Users\admin\AppData\Local\Temp\surefire6684564901868499196\surefirebooter-20241109132519268_3.jar"/>
    <property name="user.script" value=""/>
    <property name="user.script.format" value="Hans"/>
    <property name="sun.management.compiler" value="HotSpot 64-Bit Tiered Compilers"/>
    <property name="java.runtime.version" value="17.0.7+7-LTS"/>
    <property name="user.name" value="admin"/>
    <property name="path.separator" value=";"/>
    <property name="os.version" value="10.0"/>
    <property name="java.runtime.name" value="OpenJDK Runtime Environment"/>
    <property name="file.encoding" value="GBK"/>
    <property name="java.vm.name" value="OpenJDK 64-Bit Server VM"/>
    <property name="java.vendor.version" value="Corretto-17.0.7.7.1"/>
    <property name="localRepository" value="D:\apache-maven-3.6.3-bin\apache-maven-3.6.3\maven-repo"/>
    <property name="java.vendor.url.bug" value="https://github.com/corretto/corretto-17/issues/"/>
    <property name="java.io.tmpdir" value="C:\Users\admin\AppData\Local\Temp\"/>
    <property name="idea.version" value="2023.1.3"/>
    <property name="com.zaxxer.hikari.pool_number" value="1"/>
    <property name="java.version" value="17.0.7"/>
    <property name="user.dir" value="C:\Users\admin\Desktop\实战\滑雪场api\consumer-mysql"/>
    <property name="os.arch" value="amd64"/>
    <property name="java.vm.specification.name" value="Java Virtual Machine Specification"/>
    <property name="PID" value="32904"/>
    <property name="sun.os.patch.level" value=""/>
    <property name="CONSOLE_LOG_CHARSET" value="GBK"/>
    <property name="native.encoding" value="GBK"/>
    <property name="java.library.path" value="C:\Users\admin\.jdks\corretto-17.0.7\bin;C:\Windows\Sun\Java\bin;C:\Windows\system32;C:\Windows;C:\Python311\Scripts\;C:\Python311\;C:\Program Files\NVIDIA GPU Computing Toolkit\CUDA\v11.7\bin;C:\Program Files\NVIDIA GPU Computing Toolkit\CUDA\v11.7\libnvvp;C:\Windows\system32;C:\Windows;C:\Windows\System32\Wbem;C:\Windows\System32\WindowsPowerShell\v1.0\;C:\Windows\System32\OpenSSH\;C:\Program Files (x86)\NetSarang\Xshell 7\;D:\Git\cmd;C:\Program Files (x86)\NVIDIA Corporation\PhysX\Common;C:\Program Files\NVIDIA Corporation\NVIDIA NvDLISR;C:\Program Files\NVIDIA Corporation\Nsight Compute 2022.2.0\;D:\cudnn-windows-x86_64-8.9.2.26_cuda11-archive\bin;D:\apache-maven-3.6.3-bin\apache-maven-3.6.3\bin;C:\Users\admin\.jdks\corretto-1.8.0_372\bin;C:\Users\admin\.jdks\corretto-1.8.0_372\jre\bin;C:\ProgramData\chocolatey\bin;C:\Program Files\Amazon\AWSCLIV2\;C:\Program Files (x86)\Tencent\微信web开发者工具\dll;C:\Program Files (x86)\NetSarang\Xftp 7\;C:\Program Files\Amazon\AWSSAMCLI\bin\;%NVM_HOME%;%NVM_SYMLINK%;C:\Program Files (x86)\NetSarang\Xmanager 7\;C:\Users\admin\AppData\Local\Microsoft\WindowsApps;D:\Microsoft VS Code\bin;C:\Program Files\JetBrains\IntelliJ IDEA 2023.1.3\bin;;C:\Program Files\JetBrains\PyCharm 2023.2\bin;;C:\Users\admin\AppData\Roaming\npm;C:\Program Files\JetBrains\GoLand 2023.3.2\bin;;C:\Users\admin\AppData\Roaming\nvm;C:\Program Files (x86)\nodejs;."/>
    <property name="java.vm.info" value="mixed mode, sharing"/>
    <property name="java.vendor" value="Amazon.com Inc."/>
    <property name="java.vm.version" value="17.0.7+7-LTS"/>
    <property name="sun.io.unicode.encoding" value="UnicodeLittle"/>
    <property name="maven.repo.local" value="D:\apache-maven-3.6.3-bin\apache-maven-3.6.3\maven-repo"/>
    <property name="java.class.version" value="61.0"/>
    <property name="LOGGED_APPLICATION_NAME" value="[consumer] "/>
  </properties>
  <testcase name="contextLoads" classname="com.example.consumer.ConsumerApplicationTests" time="0.946">
    <system-out><![CDATA[13:25:20.346 [main] INFO org.springframework.test.context.support.AnnotationConfigContextLoaderUtils -- Could not detect default configuration classes for test class [com.example.consumer.ConsumerApplicationTests]: ConsumerApplicationTests does not declare any static, non-private, non-final, nested classes annotated with @Configuration.
13:25:20.491 [main] INFO org.springframework.boot.test.context.SpringBootTestContextBootstrapper -- Found @SpringBootConfiguration com.example.consumer.ConsumerApplication for test class com.example.consumer.ConsumerApplicationTests

  .   ____          _            __ _ _
 /\\ / ___'_ __ _ _(_)_ __  __ _ \ \ \ \
( ( )\___ | '_ | '_| | '_ \/ _` | \ \ \ \
 \\/  ___)| |_)| | | | | || (_| |  ) ) ) )
  '  |____| .__|_| |_|_| |_\__, | / / / /
 =========|_|==============|___/=/_/_/_/

 :: Spring Boot ::                (v3.3.5)

2024-11-09T13:25:21.009+08:00  INFO 32904 --- [consumer] [           main] c.e.consumer.ConsumerApplicationTests    : Starting ConsumerApplicationTests using Java 17.0.7 with PID 32904 (started by admin in C:\Users\admin\Desktop\实战\滑雪场api\consumer-mysql)
2024-11-09T13:25:21.010+08:00  INFO 32904 --- [consumer] [           main] c.e.consumer.ConsumerApplicationTests    : No active profile set, falling back to 1 default profile: "default"
2024-11-09T13:25:22.909+08:00  INFO 32904 --- [consumer] [           main] com.zaxxer.hikari.HikariDataSource       : HikariPool-1 - Starting...
2024-11-09T13:25:25.942+08:00  INFO 32904 --- [consumer] [           main] com.zaxxer.hikari.pool.HikariPool        : HikariPool-1 - Added connection com.mysql.cj.jdbc.ConnectionImpl@51888019
2024-11-09T13:25:25.947+08:00  INFO 32904 --- [consumer] [           main] com.zaxxer.hikari.HikariDataSource       : HikariPool-1 - Start completed.
2024-11-09T13:25:26.611+08:00  INFO 32904 --- [consumer] [           main] c.e.consumer.ConsumerApplicationTests    : Started ConsumerApplicationTests in 5.893 seconds (process running for 7.156)
]]></system-out>
  </testcase>
</testsuite>